2025-06-24 00:22:28,276 - WARNING - Test alert: temperature too high
2025-06-24 00:45:51,894 - WARNING - Temperature too high: 84.42°C (max allowed is 70.0°C)
2025-06-24 00:45:51,894 - WARNING - Voltage out of range: 4.38 V (expected between 4.5 and 9.0 V)
2025-06-24 00:45:52,895 - WARNING - Gas level too high: 1530.1 ppm (max allowed is 1000.0 ppm)
2025-06-24 00:45:52,895 - WARNING - Voltage out of range: 9.36 V (expected between 4.5 and 9.0 V)
2025-06-24 00:45:53,896 - WARNING - Temperature too high: 75.29°C (max allowed is 70.0°C)
2025-06-24 00:45:53,897 - WARNING - Voltage out of range: 10.75 V (expected between 4.5 and 9.0 V)
2025-06-24 00:45:54,898 - WARNING - Temperature too high: 86.15°C (max allowed is 70.0°C)
2025-06-24 00:45:54,905 - WARNING - Gas level too high: 1075.1 ppm (max allowed is 1000.0 ppm)
2025-06-24 00:45:55,906 - WARNING - Temperature too high: 88.24°C (max allowed is 70.0°C)
2025-06-24 00:45:56,907 - WARNING - Voltage out of range: 4.45 V (expected between 4.5 and 9.0 V)
2025-06-24 00:45:57,908 - WARNING - Temperature too high: 84.45°C (max allowed is 70.0°C)
2025-06-24 00:45:57,908 - WARNING - Gas level too high: 1812.0 ppm (max allowed is 1000.0 ppm)
2025-06-24 00:45:57,909 - WARNING - Voltage out of range: 4.02 V (expected between 4.5 and 9.0 V)
2025-06-24 00:45:58,910 - WARNING - Temperature too high: 87.12°C (max allowed is 70.0°C)
2025-06-24 00:45:58,910 - WARNING - Gas level too high: 1019.1 ppm (max allowed is 1000.0 ppm)
2025-06-24 00:45:58,910 - WARNING - Voltage out of range: 3.95 V (expected between 4.5 and 9.0 V)
2025-06-24 00:45:59,911 - WARNING - Gas level too high: 1146.2 ppm (max allowed is 1000.0 ppm)
2025-06-24 00:46:01,913 - WARNING - Gas level too high: 1875.5 ppm (max allowed is 1000.0 ppm)
2025-06-24 00:46:01,913 - WARNING - Voltage out of range: 9.08 V (expected between 4.5 and 9.0 V)
2025-06-24 00:46:02,915 - WARNING - Gas level too high: 1783.6 ppm (max allowed is 1000.0 ppm)
2025-06-24 00:46:02,915 - WARNING - Voltage out of range: 4.09 V (expected between 4.5 and 9.0 V)
2025-06-24 00:46:03,916 - WARNING - Temperature too high: 96.74°C (max allowed is 70.0°C)
2025-06-24 00:46:03,916 - WARNING - Gas level too high: 1724.1 ppm (max allowed is 1000.0 ppm)
2025-06-24 00:46:03,916 - WARNING - Voltage out of range: 4.13 V (expected between 4.5 and 9.0 V)
2025-06-24 00:46:04,918 - WARNING - Gas level too high: 1051.8 ppm (max allowed is 1000.0 ppm)
2025-06-24 00:46:05,920 - WARNING - Temperature too high: 87.94°C (max allowed is 70.0°C)
2025-06-24 00:46:06,921 - WARNING - Temperature too high: 87.75°C (max allowed is 70.0°C)
2025-06-24 00:46:06,921 - WARNING - Gas level too high: 1638.2 ppm (max allowed is 1000.0 ppm)
2025-06-24 00:46:06,922 - WARNING - Voltage out of range: 11.81 V (expected between 4.5 and 9.0 V)
2025-06-24 00:46:07,922 - WARNING - Voltage out of range: 3.79 V (expected between 4.5 and 9.0 V)
2025-06-24 00:46:08,923 - WARNING - Voltage out of range: 10.77 V (expected between 4.5 and 9.0 V)
2025-06-24 00:46:09,925 - WARNING - Temperature too high: 75.52°C (max allowed is 70.0°C)
2025-06-24 00:46:09,925 - WARNING - Gas level too high: 1820.3 ppm (max allowed is 1000.0 ppm)
2025-06-24 00:46:10,927 - WARNING - Temperature too high: 89.45°C (max allowed is 70.0°C)
2025-06-24 00:46:10,927 - WARNING - Gas level too high: 1652.5 ppm (max allowed is 1000.0 ppm)
2025-06-24 00:46:11,928 - WARNING - Gas level too high: 1571.1 ppm (max allowed is 1000.0 ppm)
2025-06-24 00:46:12,930 - WARNING - Temperature too high: 72.88°C (max allowed is 70.0°C)
2025-06-24 00:46:12,931 - WARNING - Gas level too high: 1022.8 ppm (max allowed is 1000.0 ppm)
2025-06-24 00:46:13,931 - WARNING - Gas level too high: 1689.8 ppm (max allowed is 1000.0 ppm)
2025-06-24 00:46:14,932 - WARNING - Gas level too high: 1905.6 ppm (max allowed is 1000.0 ppm)
2025-06-24 00:46:15,934 - WARNING - Temperature too high: 85.37°C (max allowed is 70.0°C)
2025-06-24 00:46:15,934 - WARNING - Voltage out of range: 11.48 V (expected between 4.5 and 9.0 V)
2025-06-24 00:46:16,935 - WARNING - Gas level too high: 1484.0 ppm (max allowed is 1000.0 ppm)
2025-06-24 00:46:17,937 - WARNING - Gas level too high: 1517.7 ppm (max allowed is 1000.0 ppm)
2025-06-24 00:46:18,939 - WARNING - Temperature too high: 77.23°C (max allowed is 70.0°C)
2025-06-24 00:46:18,939 - WARNING - Gas level too high: 1111.4 ppm (max allowed is 1000.0 ppm)
2025-06-24 00:46:19,940 - WARNING - Gas level too high: 1595.6 ppm (max allowed is 1000.0 ppm)
2025-06-24 00:58:42,534 - WARNING - Gas level too high: 1583.5 ppm (max 1000.0 ppm)
2025-06-24 00:58:44,542 - WARNING - Temperature too high: 76.11°C (max 70.0°C)
2025-06-24 00:58:44,543 - WARNING - Voltage out of range: 9.6 V (expected between 4.5 and 9.0 V)
2025-06-24 00:58:46,557 - WARNING - Gas level too high: 1839.4 ppm (max 1000.0 ppm)
2025-06-24 00:58:50,577 - WARNING - Temperature too high: 80.58°C (max 70.0°C)
2025-06-24 00:58:50,577 - WARNING - Gas level too high: 1766.8 ppm (max 1000.0 ppm)
2025-06-24 00:58:50,577 - WARNING - Voltage out of range: 10.38 V (expected between 4.5 and 9.0 V)
2025-06-24 00:58:52,580 - WARNING - Voltage out of range: 10.1 V (expected between 4.5 and 9.0 V)
2025-06-24 00:58:54,585 - WARNING - Temperature too high: 79.69°C (max 70.0°C)
2025-06-24 00:58:54,586 - WARNING - Gas level too high: 1108.1 ppm (max 1000.0 ppm)
2025-06-24 00:58:56,591 - WARNING - Temperature too high: 91.82°C (max 70.0°C)
2025-06-24 00:58:56,591 - WARNING - Gas level too high: 1890.1 ppm (max 1000.0 ppm)
2025-06-24 00:59:00,614 - WARNING - Gas level too high: 1824.3 ppm (max 1000.0 ppm)
2025-06-24 00:59:00,614 - WARNING - Voltage out of range: 9.15 V (expected between 4.5 and 9.0 V)
2025-06-24 00:59:02,625 - WARNING - Gas level too high: 1478.9 ppm (max 1000.0 ppm)
2025-06-24 00:59:04,632 - WARNING - Temperature too high: 89.53°C (max 70.0°C)
2025-06-24 00:59:04,632 - WARNING - Gas level too high: 1921.7 ppm (max 1000.0 ppm)
2025-06-24 00:59:06,647 - WARNING - Temperature too high: 84.51°C (max 70.0°C)
2025-06-24 00:59:06,647 - WARNING - Voltage out of range: 10.87 V (expected between 4.5 and 9.0 V)
2025-06-24 00:59:08,659 - WARNING - Temperature too high: 73.55°C (max 70.0°C)
2025-06-24 00:59:08,659 - WARNING - Gas level too high: 1013.4 ppm (max 1000.0 ppm)
2025-06-24 00:59:10,662 - WARNING - Temperature too high: 70.24°C (max 70.0°C)
2025-06-24 00:59:10,663 - WARNING - Gas level too high: 1124.5 ppm (max 1000.0 ppm)
2025-06-24 00:59:10,663 - WARNING - Voltage out of range: 10.46 V (expected between 4.5 and 9.0 V)
2025-06-24 00:59:14,674 - WARNING - Gas level too high: 1471.9 ppm (max 1000.0 ppm)
2025-06-24 00:59:18,695 - WARNING - Voltage out of range: 9.17 V (expected between 4.5 and 9.0 V)
2025-06-24 00:59:20,703 - WARNING - Gas level too high: 1939.1 ppm (max 1000.0 ppm)
2025-06-24 00:59:22,710 - WARNING - Temperature too high: 87.86°C (max 70.0°C)
2025-06-24 00:59:22,710 - WARNING - Gas level too high: 1051.8 ppm (max 1000.0 ppm)
2025-06-24 00:59:22,710 - WARNING - Voltage out of range: 10.55 V (expected between 4.5 and 9.0 V)
2025-06-24 00:59:24,720 - WARNING - Gas level too high: 1156.4 ppm (max 1000.0 ppm)
2025-06-24 00:59:24,721 - WARNING - Voltage out of range: 9.7 V (expected between 4.5 and 9.0 V)
2025-06-24 00:59:26,736 - WARNING - Temperature too high: 94.58°C (max 70.0°C)
2025-06-24 00:59:26,736 - WARNING - Gas level too high: 1723.4 ppm (max 1000.0 ppm)
2025-06-24 00:59:26,736 - WARNING - Voltage out of range: 3.21 V (expected between 4.5 and 9.0 V)
2025-06-24 04:42:11,403 - WARNING - Voltage out of range: 11.11 V (expected between 4.5 and 9.0 V)
2025-06-24 04:42:15,423 - WARNING - Voltage out of range: 10.96 V (expected between 4.5 and 9.0 V)
2025-06-24 04:42:17,426 - WARNING - Gas level too high: 1677.6 ppm (max 1000.0 ppm)
2025-06-24 04:42:17,427 - WARNING - Voltage out of range: 3.26 V (expected between 4.5 and 9.0 V)
2025-06-24 04:42:19,437 - WARNING - Temperature too high: 99.39°C (max 70.0°C)
2025-06-24 04:42:21,445 - WARNING - Temperature too high: 79.07°C (max 70.0°C)
2025-06-24 04:42:21,446 - WARNING - Gas level too high: 1917.5 ppm (max 1000.0 ppm)
2025-06-24 04:46:14,808 - WARNING - Temperature too high: 81.18°C (max 70.0°C)
2025-06-24 04:46:14,808 - WARNING - Gas level too high: 1731.1 ppm (max 1000.0 ppm)
2025-06-24 04:46:18,825 - WARNING - Voltage out of range: 9.22 V (expected between 4.5 and 9.0 V)
2025-06-24 05:00:42,161 - WARNING - Test alert: temperature too high
2025-06-24 05:00:53,089 - WARNING - Temperature too high: 73.94°C (max 70.0°C)
2025-06-24 05:00:53,090 - WARNING - Gas level too high: 1290.7 ppm (max 1000.0 ppm)
2025-06-24 05:00:53,090 - WARNING - Voltage out of range: 10.59 V (expected between 4.5 and 9.0 V)
2025-06-24 05:00:55,099 - WARNING - Temperature too high: 84.99°C (max 70.0°C)
2025-06-24 05:00:55,099 - WARNING - Gas level too high: 1197.9 ppm (max 1000.0 ppm)
2025-06-24 05:00:55,099 - WARNING - Voltage out of range: 3.86 V (expected between 4.5 and 9.0 V)
2025-06-24 05:00:57,103 - WARNING - Temperature too high: 74.13°C (max 70.0°C)
2025-06-24 05:00:57,103 - WARNING - Gas level too high: 1734.9 ppm (max 1000.0 ppm)
2025-06-24 05:00:59,114 - WARNING - Temperature too high: 89.13°C (max 70.0°C)
2025-06-24 05:00:59,115 - WARNING - Gas level too high: 1356.0 ppm (max 1000.0 ppm)
2025-06-24 05:00:59,115 - WARNING - Voltage out of range: 10.33 V (expected between 4.5 and 9.0 V)
2025-06-24 05:01:01,127 - WARNING - Gas level too high: 1053.2 ppm (max 1000.0 ppm)
2025-06-24 05:01:01,127 - WARNING - Voltage out of range: 9.5 V (expected between 4.5 and 9.0 V)
2025-06-24 05:01:03,128 - WARNING - Gas level too high: 1824.8 ppm (max 1000.0 ppm)
2025-06-24 05:01:05,142 - WARNING - Temperature too high: 82.46°C (max 70.0°C)
2025-06-24 05:01:05,143 - WARNING - Gas level too high: 1291.0 ppm (max 1000.0 ppm)
